0:100  0:100  MemLog inited, TSC freq: 2306246960
0:100  0:000  CPU was calibrated with RTC
0:100  0:000  
0:100  0:000  Now is 16.12.2018,  23:43:23 (GMT)
0:100  0:000  Starting Clover revision: 4674 on INSYDE Corp. EFI
0:100  0:000  Build with: [Args: -D NO_GRUB_DRIVERS_EMBEDDED | -D NO_GRUB_DRIVERS_EMBEDDED -D USE_LOW_EBDA -a X64 -b RELEASE -t XCODE8 -n 5 | OS: 10.13.6 | XCODE: 10.0]
0:100  0:000  SelfDevicePath=PciRoot(0x0)\Pci(0x17,0x0)\Sata(0x0,0x0,0x0)\HD(1,GPT,2229617E-08D4-43F6-8259-3378EF93DB0D,0x28,0x64000) @66CBAE98
0:100  0:000  SelfDirPath = \EFI\CLOVER
0:100  0:000  === [ Get Smbios ] ========================================
0:101  0:000  Type 16 Index = 0
0:101  0:000  Total Memory Slots Count = 2
0:101  0:000  Type 17 Index = 0
0:101  0:000  SmbiosTable.Type17->Speed = 2133MHz
0:101  0:000  SmbiosTable.Type17->Size = 4096MB
0:101  0:000  SmbiosTable.Type17->Bank/Device = BANK 0 ChannelA-DIMM0
0:101  0:000  SmbiosTable.Type17->Vendor = Kingston
0:101  0:000  SmbiosTable.Type17->SerialNumber = 31141715
0:101  0:000  SmbiosTable.Type17->PartNumber = 9905624-010.A00G    
0:101  0:000  Type 17 Index = 1
0:101  0:000  Ignoring insane frequency value 0MHz
0:101  0:000  SmbiosTable.Type17->Speed = 0MHz
0:101  0:000  SmbiosTable.Type17->Size = 0MB
0:101  0:000  SmbiosTable.Type17->Bank/Device = BANK 1 ChannelA-DIMM1
0:101  0:000  SmbiosTable.Type17->Vendor = <null string>
0:101  0:000  SmbiosTable.Type17->SerialNumber = <null string>
0:101  0:000  SmbiosTable.Type17->PartNumber = <null string>
0:101  0:000  Boot status=0
0:101  0:000  Running on: 'Aspire V5-591G' with board 'Usopp_SLS'
0:101  0:000  === [ GetCPUProperties ] ==================================
0:101  0:000  CPU Vendor = 756E6547 Model=506E3
0:101  0:000   The CPU supported SSE4.1
0:101  0:000  BrandString = Intel(R) Core(TM) i5-6300HQ CPU @ 2.30GHz
0:101  0:000   The CPU supported turbo
0:101  0:000  MSR 0x35               40004
0:101  0:000   TSC/CCC Information Leaf:
0:101  0:000    numerator     : 192
0:101  0:000    denominator   : 2
0:101  0:000   Calibrated ARTFrequency: 24023405
0:101  0:000  MSR 0xE2 before patch 1E008006
0:101  0:000  MSR 0xE2 is locked, PM patches will be turned on
0:101  0:000  MSR 0xCE              0008083B_F1011700
0:101  0:000  corrected FLEX_RATIO = 0
0:101  0:000  MSR 0x1B0             00000000
0:101  0:000  FSBFrequency = 96 MHz, DMI FSBFrequency = 100 MHz, Corrected FSBFrequency = 100 MHz
0:101  0:000  MaxDiv/MinDiv: 23.0/8
0:101  0:000  Turbo: 28/29/30/32
0:101  0:000  Features: 0xBFEBFBFF
0:101  0:000  Threads: 4
0:101  0:000  Cores: 4
0:101  0:000  FSB: 100 MHz
0:101  0:000  CPU: 2200 MHz
0:101  0:000  TSC: 2200 MHz
0:101  0:000  PIS: 100 MHz
0:101  0:000  ExternalClock: 25 MHz
0:101  0:000  === [ GetDevices ] ========================================
0:101  0:000  PCI (00|00:00.00) : 8086 1910 class=060000
0:101  0:000  PCI (00|00:01.00) : 8086 1901 class=060400
0:101  0:000  PCI (00|01:00.00) : 10DE 139A class=030200
0:101  0:000  PCI (00|00:02.00) : 8086 191B class=030000
0:101  0:000   - GFX: Model=Intel HD Graphics 530 (Intel)
0:101  0:000  PCI (00|00:14.00) : 8086 A12F class=0C0330
0:101  0:000  PCI (00|00:14.02) : 8086 A131 class=118000
0:101  0:000  PCI (00|00:15.00) : 8086 A160 class=118000
0:101  0:000  PCI (00|00:16.00) : 8086 A13A class=078000
0:101  0:000  PCI (00|00:17.00) : 8086 A103 class=010601
0:101  0:000  PCI (00|00:1C.00) : 8086 A112 class=060400
0:101  0:000  PCI (00|07:00.00) : 14E4 43B1 class=028000
0:101  0:000   - WIFI: Vendor=Broadcom
0:101  0:000  PCI (00|00:1C.03) : 8086 A113 class=060400
0:101  0:000  PCI (00|08:00.00) : 10EC 8168 class=020000
0:101  0:000   - LAN: 0 Vendor=Realtek
0:101  0:000  PCI (00|00:1F.00) : 8086 A14E class=060100
0:101  0:000  PCI (00|00:1F.02) : 8086 A121 class=058000
0:101  0:000  PCI (00|00:1F.03) : 8086 A170 class=040300
0:101  0:000  PCI (00|00:1F.04) : 8086 A123 class=0C0500
0:101  0:000  === [ GetDefaultSettings ] ================================
0:101  0:000  Clover load options size = 136 bytes
0:103  0:001  EFI\CLOVER\WINDOWS.plist not loaded with name from LoadOptions: Not Found
0:104  0:001  EFI\CLOVER\config.plist loaded: Success
0:109  0:004  === [ GetListOfThemes ] ===================================
0:110  0:000  - [00]: embedded
0:110  0:000  - [00]: random
0:110  0:000  === [ Found config plists ] ===============================
0:111  0:000  - config.plist
0:111  0:000  === [ GetEarlyUserSettings ] ==============================
0:111  0:000  timeout set to 1
0:111  0:000  Custom boot CUSTOM_BOOT_DISABLED (0x0)
0:111  0:000  KernelXCPM: enabled
0:111  0:000  ForceKextsToLoad: 1 requested
0:111  0:000   - [0]: System\Library\Extensions\IONVMeFamily.kext
0:111  0:000  KextsToPatch: 15 requested
0:111  0:000   - [00]: com.apple.driver.AppleIntelLpssI2CController (Prevent Apple I2C kexts from attaching to I2C controllers, credit CoolStar) :: PlistPatch :: data len: 5
0:111  0:000   - [01]: com.apple.driver.AppleIntelLpssI2C (Prevent Apple I2C kexts from attaching to I2C controllers, credit CoolStar) :: PlistPatch :: data len: 5
0:111  0:000   - [02]: com.apple.driver.usb.AppleUSBXHCI (Unlock Port Limit USB XHC Mojave) :: MatchOS: 10.14.1 :: BinPatch :: data len: 9
0:111  0:000   - [03]: AirPortBrcm4360 (BCM94352 5 GHz US (10.12.x)) :: BinPatch :: data len: 7
0:111  0:000   - [04]: IOBluetoothFamily (BCM BT Hand-off (10.11.x ->10.12.x)) :: BinPatch :: data len: 8
0:111  0:000   - [05]: AirPortBrcm4360 (BCM94352 - FVCO (10.12)) :: BinPatch :: data len: 8
0:111  0:000   - [06]: IOGraphicsFamily (SecondStagePatch 10.12.x) :: BinPatch :: data len: 5
0:111  0:000   - patch disabled at config
0:111  0:000   - [07]: AppleIntelSKLGraphicsFramebuffer (HD 530 HDMI # 1) :: BinPatch :: data len: 8
0:111  0:000   - [08]: AppleBacklight (change F%uT%04x to F%uTxxxx for AppleBacklightInjector.kext (credit RehabMan)) :: BinPatch :: data len: 9
0:111  0:000   - [09]: AppleGraphicsDevicePolicy (Brumbaer's GDP Patch 1) :: BinPatch :: data len: 5
0:111  0:000   - [10]: AppleGraphicsDevicePolicy (Brumbaer's GDP Patch 2) :: BinPatch :: data len: 7
0:111  0:000   - [11]: AppleGraphicsDevicePolicy (Brumbaer's GDP Patch 3) :: BinPatch :: data len: 8
0:111  0:000   - [12]: AppleGraphicsDevicePolicy (Brumbaer's GDP Patch 4) :: BinPatch :: data len: 10
0:111  0:000   - [13]: AppleGraphicsDevicePolicy (Brumbaer's GDP Patch 5) :: BinPatch :: data len: 15
0:111  0:000   - [14]: AppleUSBXHCIPCI (Change 15 port limit to 24 in XHCI kext 10.13 PB1) :: BinPatch :: data len: 4
0:111  0:000  KernelToPatch: 1 requested
0:111  0:000   - [00]: MSR 0xE2 _xcpm_idle instant reboot(c) Pike R. Alpha :: MatchOS: 10.13 :: data len: 8
0:111  0:000  Default theme: bootcamp
0:111  0:000  Hiding entries with string Preboot
0:111  0:000  === [ LoadDrivers ] =======================================
0:113  0:001  Loading ApfsDriverLoader-64.efi  status=Success
0:115  0:001   - driver needs connecting
0:115  0:000  Loading AppleImageCodec-64.efi  status=Success
0:116  0:001  Loading AppleKeyAggregator-64.efi  status=Success
0:118  0:001  Loading AppleKeyFeeder-64.efi  status=Success
0:120  0:001  Loading AppleUITheme-64.efi  status=Success
0:121  0:001  Loading DataHubDxe-64.efi  status=Success
0:123  0:001  Loading FirmwareVolume-64.efi  status=Success
0:124  0:001  Loading FSInject-64.efi  status=Success
0:126  0:001  Loading HFSPlus.efi  status=Success
0:128  0:001   - driver needs connecting
0:128  0:000  Loading OsxAptioFixDrv-64.efi  status=Success
0:130  0:001  Loading OsxFatBinaryDrv-64.efi  status=Success
0:131  0:001  Loading SMCHelper-64.efi  status=Success
0:133  0:001  2 drivers needs connecting ...
0:133  0:000  PlatformDriverOverrideProtocol->GetDriver overriden
0:133  0:000  HFS+ driver loaded
0:133  0:000  APFS driver loaded
0:133  0:000  Searching for invalid DiskIo BY_DRIVER connects: not found, all ok
0:451  0:318  === [ InitScreen ] ========================================
0:451  0:000  SetScreenResolution: 1920x1080 - not found!
0:451  0:000  SetMaxResolution: found best mode 0: 1366x768
0:451  0:000   - already set
0:451  0:000  Console modes reported: 6, available modes:
0:451  0:000   - [01]: 80x25
0:451  0:000   - [03]: 80x25
0:451  0:000   - [04]: 170x40 (current mode)
0:451  0:000   - [05]: 100x31
0:451  0:000   - [06]: 128x40
0:451  0:000  SetScreenResolution: 1366x768 - already set
0:451  0:000  reinit: self device path=PciRoot(0x0)\Pci(0x17,0x0)\Sata(0x0,0x0,0x0)\HD(1,GPT,2229617E-08D4-43F6-8259-3378EF93DB0D,0x28,0x64000)
0:452  0:000  Using embedded font: Success
0:453  0:001  === [ GetMacAddress ] =====================================
0:453  0:000  === [ ScanSPD ] ===========================================
0:454  0:000  SMBus device : 8086 A123 class=0C0500 status=Success
0:454  0:000  SMBus CmdReg: 0x3
0:454  0:000  Scanning SMBus [8086:A123], mmio: 0x9442E004, ioport: 0x5040, hostc: 0x11
0:454  0:000  Slots to scan [8]...
0:454  0:000  SPD[0]: Type 12 @0x50
0:472  0:017  Not using XMP Profile1 because it is not present
0:472  0:000  DDR speed 2132MHz
0:472  0:000  Slot: 0 Type 26 4096MB 2132MHz Vendor=Kingston PartNo=9905624-010.A00G SerialNo=010F000E0B00000F
0:473  0:000  SPD[2]: Type 12 @0x52
0:491  0:017  Not using XMP Profile1 because it is not present
0:491  0:000  DDR speed 2132MHz
0:491  0:000  Slot: 2 Type 26 4096MB 2132MHz Vendor=SK Hynix PartNo=HMA451S6AFR8N-TF SerialNo=0301040E0B0E0803
0:491  0:000  === [ GetAcpiTablesList ] =================================
0:495  0:003  Get Acpi Tables List from RSDT:
0:495  0:000   - [00]: FACP  ACRPRDCT len=244
0:495  0:000   - [01]: TCPA  ACRPRDCT len=50
0:495  0:000   - [02]: UEFI  ACRPRDCT len=66
0:495  0:000   - [03]: SSDT  ACRPRDCT len=75
0:495  0:000   - [04]: SSDT  ACRPRDCT len=17078
0:495  0:000   - [05]: DBGP  ACRPRDCT len=52
0:495  0:000   - [06]: SSDT  ACRPRDCT len=1761
0:495  0:000   - [07]: ASPT  ACRPRDCT len=52
0:495  0:000   - [08]: DBGP  ACRPRDCT len=52
0:495  0:000   - [09]: LPIT  ACRPRDCT len=148
0:495  0:000   - [10]: MCFG  ACRPRDCT len=60
0:495  0:000   - [11]: SSDT  ACRPRDCT len=1075
0:495  0:000   - [12]: SSDT  ACRPRDCT len=3672
0:495  0:000   - [13]: DMAR  ACRPRDCT len=204
0:495  0:000   - [14]: FPDT  ACRPRDCT len=68
0:495  0:000   - [15]: SSDT  ACRPRDCT len=1207
0:495  0:000   - [16]: SSDT  ACRPRDCT len=20118
0:495  0:000   - [17]: ASF!  ACRPRDCT len=165
0:495  0:000   - [18]: HPET  ACRPRDCT len=56
0:495  0:000   - [19]: SSDT  ACRPRDCT len=410
0:495  0:000   - [20]: SSDT  ACRPRDCT len=15134
0:495  0:000   - [21]: TPM2  ACRPRDCT len=52
0:495  0:000   - [22]: BOOT  ACRPRDCT len=40
0:495  0:000   - [23]: UEFI  ACRPRDCT len=566
0:495  0:000   - [24]: APIC  ACRPRDCT len=188
0:495  0:000   - [25]: DBG2  ACRPRDCT len=84
0:495  0:000   - [26]: BGRT  ACRPRDCT len=56
0:495  0:000  Calibrated TSC Frequency = 2306246960 = 2306MHz
0:496  0:000  === [ GetUserSettings ] ===================================
0:496  0:000  USB FixOwnership: yes
0:496  0:000  Dropping 2 tables:
0:496  0:000   - [00]: Drop table  signature="SSDT" (54445353) length=1761(0x665E1000)
0:496  0:000           - set table: 54445353,                0 to drop: yes
0:496  0:000   - [01]: Drop table  signature="DMAR" (52414D44)
0:496  0:000           - set table: 52414D44,                0 to drop: yes
0:496  0:000   - final DSDT Fix mask=57129194
0:496  0:000  PatchesDSDT: 8 requested
0:496  0:000   - [00]: (change EHC2 to EH02) lenToFind: 4, lenToReplace: 4, Target Bridge: <null string>
0:496  0:000   - [01]: (change EHC1 to EH01) lenToFind: 4, lenToReplace: 4, Target Bridge: <null string>
0:496  0:000   - [02]: (Rename HDAS to HDEF) lenToFind: 4, lenToReplace: 4, Target Bridge: <null string>
0:496  0:000   - [03]: (change GFX0 to IGPU) lenToFind: 4, lenToReplace: 4, Target Bridge: <null string>
0:496  0:000   - [04]: (change _OSI to XOSI) lenToFind: 4, lenToReplace: 4, Target Bridge: <null string>
0:496  0:000   - [05]: (change _DSM to XDSM) lenToFind: 4, lenToReplace: 4, Target Bridge: <null string>
0:496  0:000   - [06]: (change HECI to IMEI) lenToFind: 4, lenToReplace: 4, Target Bridge: <null string>
0:496  0:000   - [07]: (change EC0 to EC) lenToFind: 4, lenToReplace: 4, Target Bridge: <null string>
0:496  0:000  PluginType: 1
0:496  0:000  Using ProductName from config: MacBookPro13,3
0:496  0:000  Using latest BiosVersion from clover
0:496  0:000  BiosVersion: MBP133.88Z.0247.B00.1806261159
0:496  0:000  BiosReleaseDate: 06/26/2018
0:496  0:000  Using FirmwareFeatures from config: 0xFC0FE13E
0:496  0:000  Using FirmwareFeaturesMask from config: 0xFF1FFF3F
0:496  0:000  Board-ID set from config as Mac-A5C67F76ED83108C
0:496  0:000  BoardType: 0xA
0:496  0:000  ChassisType: 0x9
0:496  0:000  === [ Found DSDT tables ] =================================
0:496  0:000  - DSDT.aml
0:575  0:078  === [ ScanVolumes ] =======================================
0:575  0:000  Found 11 volumes with blockIO
0:575  0:000  - [00]: Volume: PciRoot(0x0)\Pci(0x17,0x0)\Sata(0x0,0x0,0x0)
0:575  0:000  - [01]: Volume: PciRoot(0x0)\Pci(0x17,0x0)\Sata(0x2,0x0,0x0)
0:576  0:001  - [02]: Volume: PciRoot(0x0)\Pci(0x17,0x0)\Sata(0x0,0x0,0x0)\HD(1,GPT,2229617E-08D4-43F6-8259-3378EF93DB0D,0x28,0x64000)
0:576  0:000          Result of bootcode detection: bootable unknown (legacy)
0:577  0:000          This is SelfVolume !!
0:577  0:000  - [03]: Volume: PciRoot(0x0)\Pci(0x17,0x0)\Sata(0x0,0x0,0x0)\HD(2,GPT,C8E420A7-4AD2-40AB-9C4D-91B1EF5BB5FD,0x64028,0xDF607D8)
0:577  0:000          Result of bootcode detection: bootable unknown (legacy)
0:577  0:000  - [04]: Volume: PciRoot(0x0)\Pci(0x17,0x0)\Sata(0x0,0x0,0x0)\HD(3,GPT,6BC20F24-76C9-4FCF-821A-73C20525EEC4,0xDFC4800,0xDF1F800)
0:577  0:000          Result of bootcode detection: bootable Windows (vista,win)
0:577  0:000  - [05]: Volume: PciRoot(0x0)\Pci(0x17,0x0)\Sata(0x0,0x0,0x0)\HD(4,GPT,3E857E0B-B47C-4C3E-AC38-87DB6AE11DB3,0x1BEE4000,0x8000)
0:578  0:000  - [06]: Volume: PciRoot(0x0)\Pci(0x17,0x0)\Sata(0x2,0x0,0x0)\HD(1,GPT,3E3EB988-FC35-40A0-91FE-63A4A0EFD0A0,0x64800,0x253CA000)
0:578  0:000          Result of bootcode detection: bootable unknown (legacy)
0:578  0:000  - [07]: Volume: PciRoot(0x0)\Pci(0x17,0x0)\Sata(0x0,0x0,0x0)\HD(2,GPT,C8E420A7-4AD2-40AB-9C4D-91B1EF5BB5FD,0x64028,0xDF607D8)\VenMedia(BE74FCF7-0B7C-49F3-9147-01F4042E6842,A31A83536EFBA144A5AA417816A47E57)
0:578  0:000          hiding this volume
0:578  0:000  - [08]: Volume: PciRoot(0x0)\Pci(0x17,0x0)\Sata(0x0,0x0,0x0)\HD(2,GPT,C8E420A7-4AD2-40AB-9C4D-91B1EF5BB5FD,0x64028,0xDF607D8)\VenMedia(BE74FCF7-0B7C-49F3-9147-01F4042E6842,2B42B4285E286C4382F39102C6EBC67F)
0:578  0:000  - [09]: Volume: PciRoot(0x0)\Pci(0x17,0x0)\Sata(0x0,0x0,0x0)\HD(2,GPT,C8E420A7-4AD2-40AB-9C4D-91B1EF5BB5FD,0x64028,0xDF607D8)\VenMedia(BE74FCF7-0B7C-49F3-9147-01F4042E6842,C2174D212FA690439506A3DBEC1DE3E9)
0:578  0:000  - [10]: Volume: PciRoot(0x0)\Pci(0x17,0x0)\Sata(0x0,0x0,0x0)\HD(2,GPT,C8E420A7-4AD2-40AB-9C4D-91B1EF5BB5FD,0x64028,0xDF607D8)\VenMedia(BE74FCF7-0B7C-49F3-9147-01F4042E6842,EE452DF92E1C6745A1B72327927609C0)
0:578  0:000  === [ InitTheme ] =========================================
0:578  0:000   using embedded theme
0:579  0:000  Using embedded font: Success
0:579  0:000  Chosen embedded theme
0:579  0:000  found boot-args in NVRAM:, size=1
0:579  0:000  after NVRAM boot-args=slide=0 dart=0 -xcpm nv_disable=1 kext-dev-mode=1 keepsyms=1 -v debug=0x100
0:579  0:000  === [ Dump SMC keys from NVRAM ] ==========================
0:579  0:000  found AppleSMC protocol
0:595  0:016  Registered 18 SMC keys
0:595  0:000  === [ ScanLoader ] ========================================
0:595  0:000  - [02]: 'EFI'
0:598  0:002          AddLoaderEntry for Volume Name=EFI
0:599  0:000          AddLoaderEntry for Volume Name=EFI
0:599  0:000          skipped because entry is hidden
0:599  0:000  - [07]: 'Preboot', hidden
0:599  0:000  - [08]: 'Macintosh SSD'
0:609  0:010          AddLoaderEntry for Volume Name=Macintosh SSD
0:611  0:002      hibernated: set as never
0:612  0:000  - [09]: 'Recovery'
0:613  0:000          AddLoaderEntry for Volume Name=Recovery
0:614  0:001  - [10]: 'VM'
0:614  0:000  === [ AddCustomTool ] =====================================
0:615  0:000  found tool \EFI\CLOVER\tools\Shell64U.efi
0:615  0:000  Checking EFI partition Volume 2 for Clover
0:615  0:000   Found Clover
0:615  0:000  === [ GetEfiBootDeviceFromNvram ] =========================
0:616  0:000  Default boot entry not found
0:616  0:000  DefaultIndex=-1 and MainMenu.EntryCount=9
0:643  0:027  MouseBirth: No mouse at ConIn, checking if any other device exists
0:643  0:000  GUI ready
4:129  3:486  BootVariable of the entry is empty
4:129  0:000  === [ StartLoader ] =======================================
4:129  0:000  Finally: ExternalClock=26MHz BusSpeed=100272kHz CPUFreq=2306MHz PIS: hw.busfrequency=104000000Hz
4:129  0:000  Loading boot.efi  status=Success
4:158  0:029  GetOSVersion: 10.14.2 (18C54)
4:158  0:000  CSR_CFG: CSR_ALLOW_UNTRUSTED_KEXTS | CSR_ALLOW_UNRESTRICTED_FS | CSR_ALLOW_TASK_FOR_PID | CSR_ALLOW_UNRESTRICTED_DTRACE | CSR_ALLOW_UNRESTRICTED_NVRAM
4:158  0:000  Filtering KextPatches:
4:158  0:000   - [00]: com.apple.driver.AppleIntelLpssI2CController (Prevent Apple I2C kexts from attaching to I2C controllers, credit CoolStar) :: PlistPatch :: [OS: 10.14.2 | MatchOS: All | MatchBuild: All] ==> allowed
4:158  0:000   - [01]: com.apple.driver.AppleIntelLpssI2C (Prevent Apple I2C kexts from attaching to I2C controllers, credit CoolStar) :: PlistPatch :: [OS: 10.14.2 | MatchOS: All | MatchBuild: All] ==> allowed
4:158  0:000   - [02]: com.apple.driver.usb.AppleUSBXHCI (Unlock Port Limit USB XHC Mojave) :: BinPatch :: [OS: 10.14.2 | MatchOS: 10.14.1 | MatchBuild: All] ==> not allowed
4:158  0:000   - [03]: AirPortBrcm4360 (BCM94352 5 GHz US (10.12.x)) :: BinPatch :: [OS: 10.14.2 | MatchOS: All | MatchBuild: All] ==> allowed
4:158  0:000   - [04]: IOBluetoothFamily (BCM BT Hand-off (10.11.x ->10.12.x)) :: BinPatch :: [OS: 10.14.2 | MatchOS: All | MatchBuild: All] ==> allowed
4:158  0:000   - [05]: AirPortBrcm4360 (BCM94352 - FVCO (10.12)) :: BinPatch :: [OS: 10.14.2 | MatchOS: All | MatchBuild: All] ==> allowed
4:158  0:000   - [06]: IOGraphicsFamily (SecondStagePatch 10.12.x) :: BinPatch :: [OS: 10.14.2 | MatchOS: All | MatchBuild: All] ==> disabled by user
4:158  0:000   - [07]: AppleIntelSKLGraphicsFramebuffer (HD 530 HDMI # 1) :: BinPatch :: [OS: 10.14.2 | MatchOS: All | MatchBuild: All] ==> allowed
4:158  0:000   - [08]: AppleBacklight (change F%uT%04x to F%uTxxxx for AppleBacklightInjector.kext (credit RehabMan)) :: BinPatch :: [OS: 10.14.2 | MatchOS: All | MatchBuild: All] ==> allowed
4:158  0:000   - [09]: AppleGraphicsDevicePolicy (Brumbaer's GDP Patch 1) :: BinPatch :: [OS: 10.14.2 | MatchOS: All | MatchBuild: All] ==> allowed
4:158  0:000   - [10]: AppleGraphicsDevicePolicy (Brumbaer's GDP Patch 2) :: BinPatch :: [OS: 10.14.2 | MatchOS: All | MatchBuild: All] ==> allowed
4:158  0:000   - [11]: AppleGraphicsDevicePolicy (Brumbaer's GDP Patch 3) :: BinPatch :: [OS: 10.14.2 | MatchOS: All | MatchBuild: All] ==> allowed
4:158  0:000   - [12]: AppleGraphicsDevicePolicy (Brumbaer's GDP Patch 4) :: BinPatch :: [OS: 10.14.2 | MatchOS: All | MatchBuild: All] ==> allowed
4:158  0:000   - [13]: AppleGraphicsDevicePolicy (Brumbaer's GDP Patch 5) :: BinPatch :: [OS: 10.14.2 | MatchOS: All | MatchBuild: All] ==> allowed
4:158  0:000   - [14]: AppleUSBXHCIPCI (Change 15 port limit to 24 in XHCI kext 10.13 PB1) :: BinPatch :: [OS: 10.14.2 | MatchOS: All | MatchBuild: All] ==> allowed
4:158  0:000  Filtering KernelPatches:
4:158  0:000   - [00]: MSR 0xE2 _xcpm_idle instant reboot(c) Pike R. Alpha :: [OS: 10.14.2 | MatchOS: 10.13 | MatchBuild: no] ==> not allowed by OS
4:159  0:000  Will not patch boot.efi
4:159  0:000  === [ PatchSmbios ] =======================================
4:159  0:000  insert table 9 for dev 0:0
4:159  0:000  insert table 9 for dev 0:0
4:159  0:000  Not trusting SMBIOS because SPD reports more modules...
4:159  0:000  Channels: 2
4:159  0:000  Interleave: 0 2 1 3 4 6 5 7 8 10 9 11 12 14 13 15 16 18 17 19 20 22 21 23
4:159  0:000  SMBIOS Type 17 Index = 0 => 0 0:
4:159  0:000  BANK 0 DIMM0 2133MHz 4096MB
4:159  0:000  SMBIOS Type 17 Index = 1 => 2 2:
4:159  0:000  BANK 1 DIMM0 2133MHz 4096MB
4:159  0:000  mTotalSystemMemory = 8192
4:159  0:000  NumberOfMemoryDevices = 2
4:159  0:000  Type20[0]->End = 0x3FFFFF, Type17[0] = 0x1000
4:159  0:000  Type20[1]->End = 0x3FFFFF, Type17[1] = 0x3000
4:159  0:000  Table 131 is present, CPUType=31
4:159  0:000  Change to: 605
4:159  0:000  === [ PatchACPI ] =========================================
4:159  0:000  Xsdt reallocation done
4:159  0:000  old FADT length=F4
4:159  0:000   SignatureFixup: 0xFBA91161 -> 0x0
4:159  0:000  Found OperationRegion(GNVS, SystemMemory, 77F91698, ...)
4:159  0:000  Found OperationRegion(OGNS, SystemMemory, 77F94F18, ...)
4:159  0:000  Found OperationRegion(PNVA, SystemMemory, 77FA8C98, ...)
4:160  0:000  Found OperationRegion(THBA, SystemMemory, FE200000, ...)
4:160  0:000  Found OperationRegion(ERAM, SystemMemory, FE708500, ...)
4:160  0:000  Found OperationRegion(EROM, SystemMemory, FE708900, ...)
4:160  0:000  Found OperationRegion(EMBX, SystemMemory, FE708A00, ...)
4:160  0:000  Found OperationRegion(ITSS, SystemMemory, FDC43100, ...)
4:160  0:000  Found OperationRegion(MDBG, SystemMemory, 77F7A018, ...)
4:160  0:000  Apply DsdtFixMask=0x57129194
4:160  0:000     drop _DSM mask=0x0000
4:160  0:000  === [ FixBiosDsdt ] =======================================
4:160  0:000  VideoCard devID=0x191B8086
4:160  0:000  DisplayADR1[0] = 0x20000, DisplayADR2[0] = 0xFFFE
4:160  0:000  USBADR[0] = 0x140000 and PCIe = 0xFFFE
4:160  0:000  Found Airport BCM at 0x1C0000, 0x0
4:161  0:000  Audio HDA (addr:0x1F0003) setting specified layout-id=17 (0x11)
4:161  0:000  Patching DSDT:
4:161  0:000   - [change EHC2 to EH02]: pattern 45484332, bin not found / already patched!
4:161  0:000   - [change EHC1 to EH01]: pattern 45484331, bin not found / already patched!
4:161  0:000   - [Rename HDAS to HDEF]: pattern 48444153, patched at: [ (3864) (18FA) (88) ]
4:161  0:000   - [change GFX0 to IGPU]: pattern 47465830, patched at: [ (26D1) (A66D) (18) (12) (491) (46) (2C4) (36) (393B) (18EF) (14) (3BA) (1316) (2291) (10) (10) (10) (10) (10) (10) (10) (10) (10) (10) (19) (10) (10) (10) (10) (8) (93) (10) (10) (10) (10) (10) (10) (10) (10) (10) (8) (8) ]
4:161  0:000   - [change _OSI to XOSI]: pattern 5F4F5349, patched at: [ (EF1C) (3) (17) (18) (1C) (1C) (1A) (18) (18) (18) (18) (1C99) ]
4:161  0:000   - [change _DSM to XDSM]: pattern 5F44534D, patched at: [ (26F3) (1396) (8B) (52) (CF3) (627) (44A) (217) (379) (379) (379) (379) (379) (379) (379) (379) (379) (379) (379) (379) (379) (379) (379) (379) (379) (379) (379) (28A) (1424) (EE) (EE) (EE) (EE) (EE) (D9) (D9) (12A) (12A) (12A) (12A) (E5) (971) (14A) (B8) (2F) (1875) (18A3) (51B8) ]
4:161  0:000   - [change HECI to IMEI]: pattern 48454349, patched at: [ (C5B1) ]
4:161  0:000   - [change EC0 to EC]: pattern 4543305F, patched at: [ (B8D9) (E) (CFD) (1A7D) (14) (BE) (1E) (1E) (1E) (1E) (1E) (1E) (35) (9F) (53) (20) (17) (479) (37) (1E) (1E) (22) (1E) (1E) (15) (1E) (6A64) (4E) (186) (30) (2C) (AA) (13) (12) (12) (12) (12) (12) (13) (2A5) (13) (12) (12) (12) (12) (12) (13) (234) (55) (22) (20) (1E) (1E) (25) (7A) (16) (3C) (30) (1E) (1E) (1F) (1E) (51) (1E) (1E) (1F) (1E) ]
4:161  0:000    0 replacements
4:161  0:000  first CPU found at 109BE offset 109C1
4:161  0:000  score candidate at 109BA
4:161  0:000  score inserted in acpi_cpu_score _PR_
4:161  0:000  Found ACPI CPU: CPU0 | CPU1 | CPU2 | CPU3 | CPU4 | CPU5 | CPU6 | CPU7 , within the score: _PR_
4:162  0:000  Start RTC Fix
4:162  0:000  found RTC Length not match, Maybe will cause CMOS reset will patch it.
4:162  0:000  found RTC had IRQNoFlag will move -3 bytes
4:162  0:000  ...len=164F9
4:162  0:000  new size written to D81A shift=0 len=164F9
4:162  0:000  len after correct outers 164F9
4:162  0:000  Start HPET Fix
4:163  0:000  Start Display0 Fix
4:163  0:000   builtin display
4:163  0:000  Skipping Method(_DSM) for 8086 card
4:163  0:000  now inserting Video device
4:163  0:000  ... into existing bridge
4:163  0:000  patch Display #0 of Vendor=0x8086
4:163  0:000  Start SBUS Fix PCI=1CC5 len=164CE
4:163  0:000  device (SBUS) found at 3B74
4:163  0:000  SBUS code size fix = 0x0000005D
4:163  0:000  patch HDEF in DSDT 
4:164  0:000  Start HDA Fix
4:164  0:000  found HDA device NAME(_ADR,0x001F0003) And Name is HDEF
4:164  0:000  NewName HDEF already present, renaming impossible
4:164  0:000  Start USB Fix
4:164  0:000  USB bridge[140000] at 485B, size = 583
4:164  0:000  Name ACST present at 0x154EB, renaming to OCST
4:164  0:000  Name ACST present at 0x15509, renaming to OCST
4:164  0:000  Name ACST present at 0x1552A, renaming to OCST
4:164  0:000  Name ACST present at 0x15532, renaming to OCST
4:164  0:000  Name ACST present at 0x15537, renaming to OCST
4:164  0:000  Name ACST present at 0x15548, renaming to OCST
4:164  0:000  Name ACST present at 0x1555B, renaming to OCST
4:164  0:000  Name ACST present at 0x1557C, renaming to OCST
4:164  0:000  Name ACST present at 0x15584, renaming to OCST
4:164  0:000  Name ACST present at 0x1558A, renaming to OCST
4:164  0:000  Name ACST present at 0x155A4, renaming to OCST
4:164  0:000  Name ACST present at 0x155B4, renaming to OCST
4:165  0:000  Start PNLF Fix
4:165  0:000  found PWRB at 154A5
4:165  0:000  Start _S3D Fix
4:165  0:000    indirect name=PNVB
4:165  0:000  OperationRegion (THBA...) corrected to addr=0xFE200000
4:165  0:000  Start Mutex Fix
4:165  0:000  Start SHUTDOWN Fix len=166AB
4:166  0:000  PreCleanup XSDT: count=27, length=252
4:166  0:000  PreCleanup XSDT, corrected XSDT: count=27, length=252
4:166  0:000  === [ ACPIDropTables ] ====================================
4:166  0:000  Drop tables from XSDT, SIGN=DMAR TableID=ACRPRDCT Length=204
4:166  0:000   Table[13]: DMAR  ACRPRDCT  204 dropped
4:166  0:000  Drop tables from XSDT, SIGN=SSDT TableID=ACRPRDCT Length=1761
4:166  0:000   Table[6]: SSDT  ACRPRDCT  1761 dropped
4:166  0:000  0. [change EHC2 to EH02]: pattern 45484332, bin not found / already patched!
4:166  0:000  1. [change EHC1 to EH01]: pattern 45484331, bin not found / already patched!
4:166  0:000  2. [Rename HDAS to HDEF]: pattern 48444153, bin not found / already patched!
4:166  0:000  3. [change GFX0 to IGPU]: pattern 47465830, bin not found / already patched!
4:166  0:000  4. [change _OSI to XOSI]: pattern 5F4F5349, bin not found / already patched!
4:166  0:000  5. [change _DSM to XDSM]: pattern 5F44534D, bin not found / already patched!
4:166  0:000  6. [change HECI to IMEI]: pattern 48454349, bin not found / already patched!
4:166  0:000  7. [change EC0 to EC]: pattern 4543305F, bin not found / already patched!
4:166  0:000    0 replacements
4:166  0:000  Found OperationRegion(MENV, SystemMemory, 77F94F98, ...)
4:166  0:000  0. [change EHC2 to EH02]: pattern 45484332, bin not found / already patched!
4:166  0:000  1. [change EHC1 to EH01]: pattern 45484331, bin not found / already patched!
4:166  0:000  2. [Rename HDAS to HDEF]: pattern 48444153, bin not found / already patched!
4:166  0:000  3. [change GFX0 to IGPU]: pattern 47465830, bin not found / already patched!
4:166  0:000  4. [change _OSI to XOSI]: pattern 5F4F5349, bin not found / already patched!
4:166  0:000  5. [change _DSM to XDSM]: pattern 5F44534D, bin not found / already patched!
4:166  0:000  6. [change HECI to IMEI]: pattern 48454349, bin not found / already patched!
4:166  0:000  7. [change EC0 to EC]: pattern 4543305F, patched at: [ (152E) (2821) (193) (56) (9E) (34) (47) (37) (86) (37) (4C) (37) ]
4:166  0:000    0 replacements
4:166  0:000  Found OperationRegion(AGNS, SystemMemory, 77F92000, ...)
4:166  0:000  0. [change EHC2 to EH02]: pattern 45484332, bin not found / already patched!
4:166  0:000  1. [change EHC1 to EH01]: pattern 45484331, bin not found / already patched!
4:166  0:000  2. [Rename HDAS to HDEF]: pattern 48444153, bin not found / already patched!
4:166  0:000  3. [change GFX0 to IGPU]: pattern 47465830, bin not found / already patched!
4:166  0:000  4. [change _OSI to XOSI]: pattern 5F4F5349, bin not found / already patched!
4:166  0:000  5. [change _DSM to XDSM]: pattern 5F44534D, patched at: [ (35) (1FA) ]
4:166  0:000  6. [change HECI to IMEI]: pattern 48454349, bin not found / already patched!
4:166  0:000  7. [change EC0 to EC]: pattern 4543305F, bin not found / already patched!
4:166  0:000    0 replacements
4:166  0:000  0. [change EHC2 to EH02]: pattern 45484332, bin not found / already patched!
4:166  0:000  1. [change EHC1 to EH01]: pattern 45484331, bin not found / already patched!
4:166  0:000  2. [Rename HDAS to HDEF]: pattern 48444153, bin not found / already patched!
4:166  0:000  3. [change GFX0 to IGPU]: pattern 47465830, bin not found / already patched!
4:166  0:000  4. [change _OSI to XOSI]: pattern 5F4F5349, bin not found / already patched!
4:166  0:000  5. [change _DSM to XDSM]: pattern 5F44534D, bin not found / already patched!
4:166  0:000  6. [change HECI to IMEI]: pattern 48454349, bin not found / already patched!
4:166  0:000  7. [change EC0 to EC]: pattern 4543305F, bin not found / already patched!
4:166  0:000    0 replacements
4:166  0:000  Found OperationRegion(PNVS, SystemMemory, 6304C000, ...)
4:166  0:000  0. [change EHC2 to EH02]: pattern 45484332, bin not found / already patched!
4:166  0:000  1. [change EHC1 to EH01]: pattern 45484331, bin not found / already patched!
4:166  0:000  2. [Rename HDAS to HDEF]: pattern 48444153, bin not found / already patched!
4:166  0:000  3. [change GFX0 to IGPU]: pattern 47465830, bin not found / already patched!
4:166  0:000  4. [change _OSI to XOSI]: pattern 5F4F5349, bin not found / already patched!
4:166  0:000  5. [change _DSM to XDSM]: pattern 5F44534D, patched at: [ (419) ]
4:166  0:000  6. [change HECI to IMEI]: pattern 48454349, bin not found / already patched!
4:166  0:000  7. [change EC0 to EC]: pattern 4543305F, bin not found / already patched!
4:166  0:000    0 replacements
4:166  0:000  Found OperationRegion(TPMR, SystemMemory, FED40000, ...)
4:166  0:000  Found OperationRegion(FHCI, SystemMemory, FED40000, ...)
4:166  0:000  Found OperationRegion(TNVS, SystemMemory, 77F95000, ...)
4:166  0:000  0. [change EHC2 to EH02]: pattern 45484332, bin not found / already patched!
4:166  0:000  1. [change EHC1 to EH01]: pattern 45484331, bin not found / already patched!
4:166  0:000  2. [Rename HDAS to HDEF]: pattern 48444153, bin not found / already patched!
4:166  0:000  3. [change GFX0 to IGPU]: pattern 47465830, patched at: [ (845) (1CB4) (A9D) (1D) (716) ]
4:166  0:000  4. [change _OSI to XOSI]: pattern 5F4F5349, bin not found / already patched!
4:166  0:000  5. [change _DSM to XDSM]: pattern 5F44534D, patched at: [ (409) (261) (2B68) ]
4:166  0:000  6. [change HECI to IMEI]: pattern 48454349, bin not found / already patched!
4:166  0:000  7. [change EC0 to EC]: pattern 4543305F, bin not found / already patched!
4:166  0:000    0 replacements
4:166  0:000  Found OperationRegion(SANV, SystemMemory, 77F90D98, ...)
4:166  0:000  0. [change EHC2 to EH02]: pattern 45484332, bin not found / already patched!
4:166  0:000  1. [change EHC1 to EH01]: pattern 45484331, bin not found / already patched!
4:166  0:000  2. [Rename HDAS to HDEF]: pattern 48444153, bin not found / already patched!
4:166  0:000  3. [change GFX0 to IGPU]: pattern 47465830, bin not found / already patched!
4:166  0:000  4. [change _OSI to XOSI]: pattern 5F4F5349, bin not found / already patched!
4:166  0:000  5. [change _DSM to XDSM]: pattern 5F44534D, bin not found / already patched!
4:166  0:000  6. [change HECI to IMEI]: pattern 48454349, bin not found / already patched!
4:166  0:000  7. [change EC0 to EC]: pattern 4543305F, bin not found / already patched!
4:166  0:000    0 replacements
4:166  0:000  0. [change EHC2 to EH02]: pattern 45484332, bin not found / already patched!
4:166  0:000  1. [change EHC1 to EH01]: pattern 45484331, bin not found / already patched!
4:166  0:000  2. [Rename HDAS to HDEF]: pattern 48444153, bin not found / already patched!
4:166  0:000  3. [change GFX0 to IGPU]: pattern 47465830, patched at: [ (280) (50) (14D7) (C06) (13) (28) (27) (13) (28) (27) (13) (28) (27) (13) (28) (27) (13) (28) (27) (13) (28) (27) (13) (28) (27) (13) (28) (27) (13) (28) (27) (13) (28) (27) (13) (28) (27) (13) (28) (27) (13) (28) (27) (13) (28) (27) (13) (28) (27) (13) (28) ]
4:166  0:000  4. [change _OSI to XOSI]: pattern 5F4F5349, bin not found / already patched!
4:166  0:000  5. [change _DSM to XDSM]: pattern 5F44534D, patched at: [ (399C) ]
4:166  0:000  6. [change HECI to IMEI]: pattern 48454349, bin not found / already patched!
4:166  0:000  7. [change EC0 to EC]: pattern 4543305F, patched at: [ (1567) (13) (E6) (13) (2B4) (2FB) (E2) (EC) ]
4:166  0:000    0 replacements
4:166  0:000  Found OperationRegion(VBOR, SystemMemory, 77F33018, ...)
4:166  0:000  Found OperationRegion(SGOP, SystemMemory, 7662DF98, ...)
4:166  0:000  Found OperationRegion(NOPR, SystemMemory, 77FAA018, ...)
4:166  0:000  === [ ACPIPatchedAML ] ====================================
4:166  0:000  Sorted
4:166  0:000  Inserting table[0]:SSDT.aml from EFI\CLOVER\ACPI\patched: ... Not Found
4:166  0:000  Inserting table[1]:SSDT-XOSI.aml from EFI\CLOVER\ACPI\patched: size=168 ... Success
4:166  0:000  Inserting table[2]:SSDT-PNLF.aml from EFI\CLOVER\ACPI\patched: size=668 ... Success
4:167  0:000  Inserting table[3]:SSDT-DiscreteSpoof.aml from EFI\CLOVER\ACPI\patched: size=132 ... Success
4:167  0:000  CPUBase=0 and ApicCPUBase=1 ApicCPUNum=8
4:167  0:000  Maximum control=0x17
4:167  0:000  Turbo control=0x20
4:167  0:000  P-States: min 0x8, max 0x20
4:167  0:000  SSDT with plugin-type without P-States is generated
4:167  0:000  Cleanup XSDT: count=31, length=284
4:167  0:000  corrected XSDT count=29, length=268
4:167  0:000  === [ RestSetup macOS ] ===================================
4:167  0:000  EdidDiscovered size=128
4:167  0:000  --- Discovered EDID Table size:128
4:167  0:000  000  |  00  FF  FF  FF  FF  FF  FF  00  0D  AE
4:167  0:000  010  |  C9  15  00  00  00  00  30  17  01  04
4:167  0:000  020  |  95  22  13  78  02  C3  C5  91  55  54
4:167  0:000  030  |  94  28  24  50  54  00  00  00  01  01
4:167  0:000  040  |  01  01  01  01  01  01  01  01  01  01
4:167  0:000  050  |  01  01  01  01  DA  1D  56  E2  50  00
4:167  0:000  060  |  20  30  44  2D  47  00  58  C1  10  00
4:167  0:000  070  |  00  18  00  00  00  FE  00  4E  31  35
4:167  0:000  080  |  36  42  47  45  2D  45  33  32  0A  20
4:167  0:000  090  |  00  00  00  FE  00  43  4D  4E  0A  20
4:167  0:000  100  |  20  20  20  20  20  20  20  20  00  00
4:167  0:000  110  |  00  FE  00  4E  31  35  36  42  47  45
4:167  0:000  120  |  2D  45  33  32  0A  20  00  4B
4:168  0:000  Intel HD Graphics 530 [8086:191B] :: PciRoot(0x0)\Pci(0x2,0x0)
4:168  0:000    Found Full Wide XGA Display - 16:9 :: Width=1366 Height=768
4:168  0:000    Beginning DualLink auto-detection
4:168  0:000    Low Resolution Display
4:168  0:000    AAPL00,DualLink: not used
4:168  0:000    FakeID Intel GFX: not set
4:168  0:000    ig-platform-id = 0x191B0000
4:168  0:000    Beginning Intel GFX auto-detection with ACPI injection
4:168  0:000    Found FakeID Intel GFX = 0x191B8086
4:168  0:000  Intel GFX revision  = 0x6
4:168  0:000   RCBA disabled; cannot use it
4:168  0:000   setting specified layout-id=17 (0x11)
4:168  0:000  stringlength = 2752
4:168  0:000  CurrentMode: Width=1366 Height=768
4:168  0:000  Beginning FSInjection
FSInjectionInstall ...
- Our FSI_SIMPLE_FILE_SYSTEM_PROTOCOL installed on handle: 66424398
FSInjectionInstall ...
- Our FSI_SIMPLE_FILE_SYSTEM_PROTOCOL installed on handle: 66424398
4:170  0:002  Use origin smbios table type 1 guid.
4:170  0:000    Force kext: System\Library\Extensions\IONVMeFamily.kext
4:179  0:008  Preparing kexts injection for arch=x86_64 from EFI\CLOVER\kexts\Other
4:179  0:000  Extra kext: EFI\CLOVER\kexts\Other\FakeSMC_GPUSensors.kext (v.1800)
4:180  0:001  Extra kext: EFI\CLOVER\kexts\Other\FakeSMC_LPCSensors.kext (v.1800)
4:192  0:012  Extra kext: EFI\CLOVER\kexts\Other\FakeSMC_SMMSensors.kext (v.1800)
4:193  0:001  Extra kext: EFI\CLOVER\kexts\Other\VoodooTSCSync.kext (v.1.5.0)
4:194  0:000  Extra kext: EFI\CLOVER\kexts\Other\WhateverGreen.kext (v.1.2.3)
4:196  0:002  Extra kext: EFI\CLOVER\kexts\Other\USBInjectAll.kext (v.0.6.7)
4:244  0:048  Extra kext: EFI\CLOVER\kexts\Other\Shiki.kext (v.2.2.5)
4:246  0:001  Extra kext: EFI\CLOVER\kexts\Other\SATA-100-series-unsupported.kext (v.0.5.1)
4:246  0:000  Extra kext: EFI\CLOVER\kexts\Other\RealtekRTL8111.kext (v.2.2.1)
4:248  0:002  Extra kext: EFI\CLOVER\kexts\Other\VoodooI2CHID.kext (v.1)
4:252  0:003  Extra kext: EFI\CLOVER\kexts\Other\VoodooI2C.kext (v.2.1.4)
4:256  0:004    |-- PlugIn kext: EFI\CLOVER\kexts\Other\VoodooI2C.kext\Contents\PlugIns\VoodooI2CServices.kext (v.1)
4:258  0:002    |-- PlugIn kext: EFI\CLOVER\kexts\Other\VoodooI2C.kext\Contents\PlugIns\VoodooGPIO.kext (v.1.1)
4:260  0:001  Extra kext: EFI\CLOVER\kexts\Other\FakeSMC.kext (v.1800)
4:263  0:002  Extra kext: EFI\CLOVER\kexts\Other\FakeSMC_ACPISensors.kext (v.1800)
4:265  0:001  Extra kext: EFI\CLOVER\kexts\Other\EFICheckDisabler.kext (v.0.5)
4:266  0:001  Extra kext: EFI\CLOVER\kexts\Other\BT4LEContiunityFixup.kext (v.1.1.0)
4:268  0:001  Extra kext: EFI\CLOVER\kexts\Other\FakeSMC_CPUSensors.kext (v.1800)
4:269  0:000  Extra kext: EFI\CLOVER\kexts\Other\AppleALC.kext (v.1.3.3)
4:323  0:054  Extra kext: EFI\CLOVER\kexts\Other\Lilu.kext (v.1.2.8)
4:327  0:003  Preparing kexts injection for arch=x86_64 from EFI\CLOVER\kexts\10.14
4:329  0:002  Custom boot screen not used because entry has unset use graphics
4:330  0:000  Closing log
